\BOOKMARK [0][-]{chapter*.4}{\376\377\000F\000i\000n\000d\000i\000n\000g\000\040\000t\000h\000e\000\040\000P\000e\000r\000f\000e\000c\000t\000\040\000I\000d\000e\000a}{}% 1
\BOOKMARK [1][-]{section*.5}{\376\377\000F\000o\000o\000t\000b\000a\000l\000l\000\040\000P\000l\000a\000y\000e\000r\000\040\000T\000r\000a\000n\000s\000f\000e\000r\000s}{chapter*.4}% 2
\BOOKMARK [1][-]{section*.6}{\376\377\000B\000o\000b\000\040\000R\000o\000s\000s}{chapter*.4}% 3
\BOOKMARK [0][-]{chapter*.7}{\376\377\000C\000r\000e\000a\000t\000i\000n\000g\000\040\000a\000\040\000C\000o\000n\000c\000e\000p\000t}{}% 4
\BOOKMARK [1][-]{section*.8}{\376\377\000F\000i\000r\000s\000t\000\040\000C\000o\000n\000c\000e\000p\000t}{chapter*.7}% 5
\BOOKMARK [1][-]{section*.9}{\376\377\000C\000r\000i\000t\000i\000c\000\040\000a\000n\000d\000\040\000P\000r\000o\000b\000l\000e\000m\000s}{chapter*.7}% 6
\BOOKMARK [0][-]{chapter*.10}{\376\377\000F\000i\000n\000a\000l\000\040\000C\000o\000n\000c\000e\000p\000t}{}% 7
\BOOKMARK [0][-]{chapter*.11}{\376\377\000I\000m\000p\000l\000e\000m\000e\000n\000t\000a\000t\000i\000o\000n}{}% 8
\BOOKMARK [1][-]{section*.12}{\376\377\000T\000h\000e\000\040\000C\000o\000n\000c\000e\000p\000t\000\040\000M\000a\000p}{chapter*.11}% 9
\BOOKMARK [1][-]{section*.13}{\376\377\000B\000a\000r\000\040\000C\000h\000a\000r\000t\000s}{chapter*.11}% 10
\BOOKMARK [0][-]{chapter*.14}{\376\377\000E\000v\000a\000l\000u\000a\000t\000i\000o\000n}{}% 11
\BOOKMARK [1][-]{section*.15}{\376\377\000C\000o\000n\000c\000e\000p\000t\000\040\000M\000a\000p}{chapter*.14}% 12
\BOOKMARK [1][-]{section*.16}{\376\377\000B\000a\000r\000\040\000C\000h\000a\000r\000t\000s}{chapter*.14}% 13
\BOOKMARK [0][-]{chapter*.17}{\376\377\000F\000u\000r\000t\000h\000e\000r\000\040\000W\000o\000r\000k}{}% 14
\BOOKMARK [1][-]{section*.18}{\376\377\000C\000o\000n\000c\000e\000p\000t\000\040\000M\000a\000p}{chapter*.17}% 15
\BOOKMARK [1][-]{section*.19}{\376\377\000B\000a\000r\000\040\000C\000h\000a\000r\000t\000s}{chapter*.17}% 16
\BOOKMARK [0][-]{chapter*.20}{\376\377\000C\000o\000n\000c\000l\000u\000s\000i\000o\000n}{}% 17
\BOOKMARK [0][-]{chapter*.21}{\376\377\000P\000e\000e\000r\000\040\000r\000e\000v\000i\000e\000w\000s}{}% 18
\BOOKMARK [1][-]{section*.22}{\376\377\000P\000e\000e\000r\000\040\000r\000e\000v\000i\000e\000w\000\040\000b\000y\000\040\000L\000a\000r\000a\000\040\000W\000i\000e\000t\000s\000c\000h\000o\000r\000k\000e}{chapter*.21}% 19
\BOOKMARK [1][-]{section*.23}{\376\377\000P\000e\000e\000r\000\040\000r\000e\000v\000i\000e\000w\000\040\000b\000y\000\040\000R\000o\000b\000i\000n\000\040\000C\000l\000e\000r\000c}{chapter*.21}% 20
\BOOKMARK [1][-]{section*.24}{\376\377\000P\000e\000e\000r\000\040\000r\000e\000v\000i\000e\000w\000\040\000b\000y\000\040\000K\000r\000i\000s\000t\000i\000n\000a\000\040\000S\000a\000t\000a\000r\000a}{chapter*.21}% 21
